::1 - - [25/Jun/2018:22:20:16 +0000] "GET / HTTP/1.1" 200 173
::1 - - [25/Jun/2018:22:20:16 +0000] "GET /favicon.ico HTTP/1.1" 500 1411
::1 - - [27/Jun/2018:19:10:36 +0000] "GET / HTTP/1.1" 304 -
::1 - - [27/Jun/2018:19:24:37 +0000] "GET / HTTP/1.1" 304 -
::1 - - [27/Jun/2018:19:24:49 +0000] "GET / HTTP/1.1" 200 179
::1 - - [27/Jun/2018:19:34:47 +0000] "GET / HTTP/1.1" 304 -
::1 - - [27/Jun/2018:20:41:54 +0000] "GET / HTTP/1.1" 200 179
::1 - - [27/Jun/2018:20:48:27 +0000] "GET / HTTP/1.1" 500 1448
::1 - - [27/Jun/2018:20:49:00 +0000] "GET / HTTP/1.1" 500 1448
::1 - - [27/Jun/2018:20:49:25 +0000] "GET / HTTP/1.1" 500 1448
::1 - - [27/Jun/2018:20:49:27 +0000] "GET / HTTP/1.1" 500 1448
::1 - - [27/Jun/2018:20:50:47 +0000] "GET / HTTP/1.1" 500 1448
::1 - - [27/Jun/2018:20:51:10 +0000] "GET / HTTP/1.1" 200 217
::1 - - [27/Jun/2018:20:52:12 +0000] "GET / HTTP/1.1" 500 1448
::1 - - [27/Jun/2018:20:53:16 +0000] "GET / HTTP/1.1" 500 1448
::1 - - [27/Jun/2018:20:54:35 +0000] "GET / HTTP/1.1" 500 1448
::1 - - [27/Jun/2018:20:54:52 +0000] "GET / HTTP/1.1" 500 1448
::1 - - [27/Jun/2018:20:55:06 +0000] "GET / HTTP/1.1" 500 1448
::1 - - [27/Jun/2018:20:55:27 +0000] "GET / HTTP/1.1" 500 1448
::1 - - [27/Jun/2018:20:55:29 +0000] "GET / HTTP/1.1" 500 1448
::1 - - [27/Jun/2018:20:55:35 +0000] "GET / HTTP/1.1" 500 1448
::1 - - [27/Jun/2018:20:55:45 +0000] "GET / HTTP/1.1" 500 1448
::1 - - [27/Jun/2018:20:56:10 +0000] "GET / HTTP/1.1" 500 1448
::1 - - [27/Jun/2018:20:58:20 +0000] "GET / HTTP/1.1" 500 1448
::1 - - [27/Jun/2018:21:00:19 +0000] "GET / HTTP/1.1" 500 1448
::1 - - [27/Jun/2018:21:01:42 +0000] "GET / HTTP/1.1" 500 1448
::1 - - [27/Jun/2018:21:01:52 +0000] "GET / HTTP/1.1" 500 1448
::1 - - [27/Jun/2018:21:01:52 +0000] "GET /apple-touch-icon-precomposed.png HTTP/1.1" 500 1411
::1 - - [27/Jun/2018:21:01:52 +0000] "GET /favicon.ico HTTP/1.1" 500 1411
::1 - - [27/Jun/2018:21:01:52 +0000] "GET /apple-touch-icon.png HTTP/1.1" 500 1411
::1 - - [27/Jun/2018:21:02:21 +0000] "GET / HTTP/1.1" 500 1448
::1 - - [27/Jun/2018:21:02:21 +0000] "GET /apple-touch-icon-precomposed.png HTTP/1.1" 500 1411
::1 - - [27/Jun/2018:21:02:21 +0000] "GET /apple-touch-icon.png HTTP/1.1" 500 1411
::1 - - [27/Jun/2018:21:04:24 +0000] "GET / HTTP/1.1" 500 1448
::1 - - [27/Jun/2018:21:04:36 +0000] "GET / HTTP/1.1" 500 1448
::1 - - [27/Jun/2018:21:10:40 +0000] "GET / HTTP/1.1" 500 1448
::1 - - [27/Jun/2018:21:11:51 +0000] "GET / HTTP/1.1" 200 155
::1 - - [27/Jun/2018:21:12:30 +0000] "GET / HTTP/1.1" 200 196
::1 - - [27/Jun/2018:21:28:05 +0000] "GET / HTTP/1.1" 200 579
::1 - - [27/Jun/2018:21:28:05 +0000] "GET /src/script/libs/jquery.js HTTP/1.1" 500 1411
::1 - - [27/Jun/2018:21:28:05 +0000] "GET /src/script/libs/popper.js HTTP/1.1" 500 1411
::1 - - [27/Jun/2018:21:28:05 +0000] "GET /src/script/libs/bootstrap.js HTTP/1.1" 500 1411
::1 - - [27/Jun/2018:21:28:05 +0000] "GET /src/styles/libs/font-awesome.css HTTP/1.1" 500 1411
::1 - - [27/Jun/2018:21:28:05 +0000] "GET /src/styles/libs/bootstrap.css HTTP/1.1" 500 1411
::1 - - [27/Jun/2018:21:28:40 +0000] "GET / HTTP/1.1" 200 578
::1 - - [27/Jun/2018:21:28:40 +0000] "GET /src/script/libs/jquery.js HTTP/1.1" 500 1411
::1 - - [27/Jun/2018:21:28:40 +0000] "GET /src/script/libs/popper.js HTTP/1.1" 500 1411
::1 - - [27/Jun/2018:21:28:40 +0000] "GET /src/script/libs/bootstrap.js HTTP/1.1" 500 1411
::1 - - [27/Jun/2018:21:28:40 +0000] "GET /src/styles/libs/font-awesome.css HTTP/1.1" 500 1411
::1 - - [27/Jun/2018:21:28:40 +0000] "GET /src/styles/libs/bootstrap.css HTTP/1.1" 500 1411
::1 - - [27/Jun/2018:21:29:28 +0000] "GET / HTTP/1.1" 200 577
::1 - - [27/Jun/2018:21:29:28 +0000] "GET /src/script/libs/jquery.js HTTP/1.1" 500 1411
::1 - - [27/Jun/2018:21:29:28 +0000] "GET /src/script/libs/popper.js HTTP/1.1" 500 1411
::1 - - [27/Jun/2018:21:29:28 +0000] "GET /src/script/libs/bootstrap.js HTTP/1.1" 500 1411
::1 - - [27/Jun/2018:21:29:28 +0000] "GET /src/styles/libs/font-awesome.css HTTP/1.1" 500 1411
::1 - - [27/Jun/2018:21:29:28 +0000] "GET /src/styles/libs/bootstrap.css HTTP/1.1" 500 1411
::1 - - [27/Jun/2018:21:29:28 +0000] "GET /src/script/libs/jquery.js HTTP/1.1" 500 1411
::1 - - [27/Jun/2018:21:29:28 +0000] "GET /src/script/libs/popper.js HTTP/1.1" 500 1411
::1 - - [27/Jun/2018:21:29:28 +0000] "GET /src/script/libs/bootstrap.js HTTP/1.1" 500 1411
::1 - - [27/Jun/2018:21:29:28 +0000] "GET /src/styles/libs/font-awesome.css HTTP/1.1" 500 1411
::1 - - [27/Jun/2018:21:29:28 +0000] "GET /src/styles/libs/bootstrap.css HTTP/1.1" 500 1411
::1 - - [27/Jun/2018:21:32:13 +0000] "GET / HTTP/1.1" 200 574
::1 - - [27/Jun/2018:21:32:13 +0000] "GET /src/script/libs/jquery.js HTTP/1.1" 500 1411
::1 - - [27/Jun/2018:21:32:13 +0000] "GET /src/script/libs/popper.js HTTP/1.1" 500 1411
::1 - - [27/Jun/2018:21:32:13 +0000] "GET /src/script/libs/bootstrap.js HTTP/1.1" 500 1411
::1 - - [27/Jun/2018:21:32:13 +0000] "GET /src/styles/libs/font-awesome.css HTTP/1.1" 500 1411
::1 - - [27/Jun/2018:21:32:13 +0000] "GET /src/styles/libs/bootstrap.css HTTP/1.1" 500 1411
::1 - - [27/Jun/2018:21:32:13 +0000] "GET /src/script/libs/popper HTTP/1.1" 500 1411
::1 - - [27/Jun/2018:21:32:13 +0000] "GET /src/script/libs/popper.js HTTP/1.1" 500 1411
::1 - - [27/Jun/2018:21:32:13 +0000] "GET /src/script/libs/bootstrap.js HTTP/1.1" 500 1411
::1 - - [27/Jun/2018:21:32:13 +0000] "GET /src/styles/libs/font-awesome.css HTTP/1.1" 500 1411
::1 - - [27/Jun/2018:21:32:13 +0000] "GET /src/styles/libs/bootstrap.css HTTP/1.1" 500 1411
::1 - - [27/Jun/2018:21:32:36 +0000] "GET /src/script/ HTTP/1.1" 500 1411
::1 - - [27/Jun/2018:21:32:52 +0000] "GET /src/script/libs/jquery.js HTTP/1.1" 500 1411
::1 - - [27/Jun/2018:21:32:58 +0000] "GET / HTTP/1.1" 304 -
::1 - - [27/Jun/2018:21:32:58 +0000] "GET /src/script/libs/popper HTTP/1.1" 500 1411
::1 - - [27/Jun/2018:21:32:58 +0000] "GET /src/script/libs/popper.js HTTP/1.1" 500 1411
::1 - - [27/Jun/2018:21:32:58 +0000] "GET /src/script/libs/bootstrap.js HTTP/1.1" 500 1411
::1 - - [27/Jun/2018:21:32:58 +0000] "GET /src/styles/libs/font-awesome.css HTTP/1.1" 500 1411
::1 - - [27/Jun/2018:21:32:58 +0000] "GET /src/styles/libs/bootstrap.css HTTP/1.1" 500 1411
::1 - - [27/Jun/2018:21:35:06 +0000] "GET / HTTP/1.1" 200 578
::1 - - [27/Jun/2018:21:35:06 +0000] "GET /src/script/libs/popper.js HTTP/1.1" 500 1411
::1 - - [27/Jun/2018:21:35:06 +0000] "GET /src/script/libs/bootstrap.js HTTP/1.1" 500 1411
::1 - - [27/Jun/2018:21:35:06 +0000] "GET /src/styles/libs/font-awesome.css HTTP/1.1" 500 1411
::1 - - [27/Jun/2018:21:35:06 +0000] "GET /src/styles/libs/bootstrap.css HTTP/1.1" 500 1411
::1 - - [27/Jun/2018:21:35:06 +0000] "GET /src/script/libs/jquery.js HTTP/1.1" 500 1411
::1 - - [27/Jun/2018:21:35:06 +0000] "GET /src/script/libs/popper.js HTTP/1.1" 500 1411
::1 - - [27/Jun/2018:21:35:06 +0000] "GET /src/script/libs/bootstrap.js HTTP/1.1" 500 1411
::1 - - [27/Jun/2018:21:35:06 +0000] "GET /src/styles/libs/font-awesome.css HTTP/1.1" 500 1411
::1 - - [27/Jun/2018:21:35:06 +0000] "GET /src/styles/libs/bootstrap.css HTTP/1.1" 500 1411
::1 - - [27/Jun/2018:21:38:41 +0000] "GET / HTTP/1.1" 200 583
::1 - - [27/Jun/2018:21:38:41 +0000] "GET /src/script/libs/popper.js HTTP/1.1" 500 1411
::1 - - [27/Jun/2018:21:38:41 +0000] "GET /src/script/libs/bootstrap.js HTTP/1.1" 500 1411
::1 - - [27/Jun/2018:21:38:41 +0000] "GET /src/styles/libs/font-awesome.css HTTP/1.1" 500 1411
::1 - - [27/Jun/2018:21:38:41 +0000] "GET /src/styles/libs/bootstrap.css HTTP/1.1" 500 1411
::1 - - [27/Jun/2018:21:38:41 +0000] "GET /src/script/libs/jquery.js HTTP/1.1" 500 1411
::1 - - [27/Jun/2018:21:38:41 +0000] "GET /src/script/libs/popper.js HTTP/1.1" 500 1411
::1 - - [27/Jun/2018:21:38:41 +0000] "GET /src/script/libs/bootstrap.js HTTP/1.1" 500 1411
::1 - - [27/Jun/2018:21:38:41 +0000] "GET /src/styles/libs/font-awesome.css HTTP/1.1" 500 1411
::1 - - [27/Jun/2018:21:38:41 +0000] "GET /src/styles/libs/bootstrap.css HTTP/1.1" 500 1411
::1 - - [27/Jun/2018:21:38:56 +0000] "GET / HTTP/1.1" 200 580
::1 - - [27/Jun/2018:21:38:56 +0000] "GET /src/script/libs/jquery.js HTTP/1.1" 500 1411
::1 - - [27/Jun/2018:21:38:56 +0000] "GET /src/script/libs/popper.js HTTP/1.1" 500 1411
::1 - - [27/Jun/2018:21:38:56 +0000] "GET /src/script/libs/bootstrap.js HTTP/1.1" 500 1411
::1 - - [27/Jun/2018:21:38:56 +0000] "GET /src/styles/libs/font-awesome.css HTTP/1.1" 500 1411
::1 - - [27/Jun/2018:21:38:56 +0000] "GET /src/styles/libs/bootstrap.css HTTP/1.1" 500 1411
::1 - - [27/Jun/2018:21:38:56 +0000] "GET /src/script/libs/jquery.js HTTP/1.1" 500 1411
::1 - - [27/Jun/2018:21:38:56 +0000] "GET /src/script/libs/popper.js HTTP/1.1" 500 1411
::1 - - [27/Jun/2018:21:38:56 +0000] "GET /src/script/libs/bootstrap.js HTTP/1.1" 500 1411
::1 - - [27/Jun/2018:21:38:56 +0000] "GET /src/styles/libs/font-awesome.css HTTP/1.1" 500 1411
::1 - - [27/Jun/2018:21:38:56 +0000] "GET /src/styles/libs/bootstrap.css HTTP/1.1" 500 1411
::1 - - [27/Jun/2018:21:41:13 +0000] "GET / HTTP/1.1" 200 571
::1 - - [27/Jun/2018:21:41:13 +0000] "GET /src/script/libs/jquery.js HTTP/1.1" 500 1411
::1 - - [27/Jun/2018:21:41:13 +0000] "GET /src/script/libs/popper.js HTTP/1.1" 500 1411
::1 - - [27/Jun/2018:21:41:13 +0000] "GET /src/script/libs/bootstrap.js HTTP/1.1" 500 1411
::1 - - [27/Jun/2018:21:41:13 +0000] "GET /src/styles/libs/font-awesome.css HTTP/1.1" 500 1411
::1 - - [27/Jun/2018:21:41:13 +0000] "GET /src/styles/libs/bootstrap.css HTTP/1.1" 500 1411
::1 - - [27/Jun/2018:21:41:13 +0000] "GET /src/script/libs/ HTTP/1.1" 500 1411
::1 - - [27/Jun/2018:21:41:13 +0000] "GET /src/script/libs/popper.js HTTP/1.1" 500 1411
::1 - - [27/Jun/2018:21:41:13 +0000] "GET /src/script/libs/bootstrap.js HTTP/1.1" 500 1411
::1 - - [27/Jun/2018:21:41:13 +0000] "GET /src/styles/libs/font-awesome.css HTTP/1.1" 500 1411
::1 - - [27/Jun/2018:21:41:13 +0000] "GET /src/styles/libs/bootstrap.css HTTP/1.1" 500 1411
::1 - - [27/Jun/2018:21:43:23 +0000] "GET / HTTP/1.1" 200 580
::1 - - [27/Jun/2018:21:43:23 +0000] "GET /src/script/libs/popper.js HTTP/1.1" 500 1411
::1 - - [27/Jun/2018:21:43:23 +0000] "GET /src/script/libs/bootstrap.js HTTP/1.1" 500 1411
::1 - - [27/Jun/2018:21:43:23 +0000] "GET /src/styles/libs/font-awesome.css HTTP/1.1" 500 1411
::1 - - [27/Jun/2018:21:43:23 +0000] "GET /src/styles/libs/bootstrap.css HTTP/1.1" 500 1411
::1 - - [27/Jun/2018:21:43:23 +0000] "GET /src/script/libs/jquery.js HTTP/1.1" 500 1411
::1 - - [27/Jun/2018:21:43:23 +0000] "GET /src/script/libs/popper.js HTTP/1.1" 500 1411
::1 - - [27/Jun/2018:21:43:23 +0000] "GET /src/script/libs/bootstrap.js HTTP/1.1" 500 1411
::1 - - [27/Jun/2018:21:43:23 +0000] "GET /src/styles/libs/font-awesome.css HTTP/1.1" 500 1411
::1 - - [27/Jun/2018:21:43:23 +0000] "GET /src/styles/libs/bootstrap.css HTTP/1.1" 500 1411
::1 - - [27/Jun/2018:21:44:02 +0000] "GET / HTTP/1.1" 200 580
::1 - - [27/Jun/2018:21:44:02 +0000] "GET /src/script/libs/jquery.js HTTP/1.1" 500 1411
::1 - - [27/Jun/2018:21:44:02 +0000] "GET /src/script/libs/popper.js HTTP/1.1" 500 1411
::1 - - [27/Jun/2018:21:44:02 +0000] "GET /src/script/libs/bootstrap.js HTTP/1.1" 500 1411
::1 - - [27/Jun/2018:21:44:02 +0000] "GET /src/styles/libs/font-awesome.css HTTP/1.1" 500 1411
::1 - - [27/Jun/2018:21:44:02 +0000] "GET /src/styles/libs/bootstrap.css HTTP/1.1" 500 1411
::1 - - [27/Jun/2018:21:44:02 +0000] "GET /src/script/libs/popper.js HTTP/1.1" 500 1411
::1 - - [27/Jun/2018:21:44:02 +0000] "GET /src/script/libs/bootstrap.js HTTP/1.1" 500 1411
::1 - - [27/Jun/2018:21:44:02 +0000] "GET /src/styles/libs/font-awesome.css HTTP/1.1" 500 1411
::1 - - [27/Jun/2018:21:44:02 +0000] "GET /src/styles/libs/bootstrap.css HTTP/1.1" 500 1411
::1 - - [27/Jun/2018:21:44:02 +0000] "GET /favicon.ico HTTP/1.1" 500 1411
::1 - - [27/Jun/2018:21:45:00 +0000] "GET / HTTP/1.1" 200 578
::1 - - [27/Jun/2018:21:45:00 +0000] "GET /src/script/libs/jquery.js HTTP/1.1" 500 1411
::1 - - [27/Jun/2018:21:45:00 +0000] "GET /src/script/libs/popper.js HTTP/1.1" 500 1411
::1 - - [27/Jun/2018:21:45:00 +0000] "GET /src/script/libs/bootstrap.js HTTP/1.1" 500 1411
::1 - - [27/Jun/2018:21:45:00 +0000] "GET /src/styles/libs/font-awesome.css HTTP/1.1" 500 1411
::1 - - [27/Jun/2018:21:45:00 +0000] "GET /src/styles/libs/bootstrap.css HTTP/1.1" 500 1411
::1 - - [27/Jun/2018:21:45:00 +0000] "GET /src/script/libs/popper.js HTTP/1.1" 500 1411
::1 - - [27/Jun/2018:21:45:00 +0000] "GET /src/script/libs/bootstrap.js HTTP/1.1" 500 1411
::1 - - [27/Jun/2018:21:45:00 +0000] "GET /src/styles/libs/font-awesome.css HTTP/1.1" 500 1411
::1 - - [27/Jun/2018:21:45:00 +0000] "GET /src/styles/libs/bootstrap.css HTTP/1.1" 500 1411
::1 - - [27/Jun/2018:21:45:45 +0000] "GET / HTTP/1.1" 200 578
::1 - - [27/Jun/2018:21:45:45 +0000] "GET /src/script/libs/popper.js HTTP/1.1" 500 1411
::1 - - [27/Jun/2018:21:45:45 +0000] "GET /src/script/libs/bootstrap.js HTTP/1.1" 500 1411
::1 - - [27/Jun/2018:21:45:45 +0000] "GET /src/styles/libs/font-awesome.css HTTP/1.1" 500 1411
::1 - - [27/Jun/2018:21:45:45 +0000] "GET /src/styles/libs/bootstrap.css HTTP/1.1" 500 1411
::1 - - [27/Jun/2018:21:45:45 +0000] "GET /src/script/libs/jquery.js HTTP/1.1" 500 1411
::1 - - [27/Jun/2018:21:45:45 +0000] "GET /src/script/libs/popper.js HTTP/1.1" 500 1411
::1 - - [27/Jun/2018:21:45:45 +0000] "GET /src/script/libs/bootstrap.js HTTP/1.1" 500 1411
::1 - - [27/Jun/2018:21:45:45 +0000] "GET /src/styles/libs/font-awesome.css HTTP/1.1" 500 1411
::1 - - [27/Jun/2018:21:45:45 +0000] "GET /src/styles/libs/bootstrap.css HTTP/1.1" 500 1411
::1 - - [27/Jun/2018:21:45:48 +0000] "GET / HTTP/1.1" 304 -
::1 - - [27/Jun/2018:21:45:48 +0000] "GET /src/script/libs/jquery.js HTTP/1.1" 500 1411
::1 - - [27/Jun/2018:21:45:48 +0000] "GET /src/script/libs/popper.js HTTP/1.1" 500 1411
::1 - - [27/Jun/2018:21:45:48 +0000] "GET /src/script/libs/bootstrap.js HTTP/1.1" 500 1411
::1 - - [27/Jun/2018:21:45:48 +0000] "GET /src/styles/libs/font-awesome.css HTTP/1.1" 500 1411
::1 - - [27/Jun/2018:21:45:48 +0000] "GET /src/styles/libs/bootstrap.css HTTP/1.1" 500 1411
::1 - - [27/Jun/2018:21:45:48 +0000] "GET /src/styles/libs/font-awesome.css HTTP/1.1" 500 1411
::1 - - [27/Jun/2018:21:45:48 +0000] "GET /src/styles/libs/bootstrap.css HTTP/1.1" 500 1411
::1 - - [27/Jun/2018:21:54:48 +0000] "GET / HTTP/1.1" 200 631
::1 - - [27/Jun/2018:21:54:48 +0000] "GET /src/script/libs/jquery.js HTTP/1.1" 500 1411
::1 - - [27/Jun/2018:21:54:48 +0000] "GET /src/script/libs/popper.js HTTP/1.1" 500 1411
::1 - - [27/Jun/2018:21:54:48 +0000] "GET /src/script/libs/bootstrap.js HTTP/1.1" 500 1411
::1 - - [27/Jun/2018:21:54:48 +0000] "GET /src/styles/libs/font-awesome.css HTTP/1.1" 500 1411
::1 - - [27/Jun/2018:21:54:48 +0000] "GET /src/styles/libs/bootstrap.css HTTP/1.1" 500 1411
::1 - - [27/Jun/2018:21:54:48 +0000] "GET /src/script/libs/popper.js HTTP/1.1" 500 1411
::1 - - [27/Jun/2018:21:54:48 +0000] "GET /src/script/libs/bootstrap.js HTTP/1.1" 500 1411
::1 - - [27/Jun/2018:21:54:48 +0000] "GET /src/styles/libs/font-awesome.css HTTP/1.1" 500 1411
::1 - - [27/Jun/2018:21:54:48 +0000] "GET /src/styles/libs/bootstrap.css HTTP/1.1" 500 1411
::1 - - [27/Jun/2018:21:54:48 +0000] "GET /src/script/libs/bootstrap.js HTTP/1.1" 500 1411
::1 - - [27/Jun/2018:21:55:15 +0000] "GET / HTTP/1.1" 304 -
::1 - - [27/Jun/2018:21:55:15 +0000] "GET /src/script/libs/jquery.js HTTP/1.1" 500 1411
::1 - - [27/Jun/2018:21:55:15 +0000] "GET /src/script/libs/popper.js HTTP/1.1" 500 1411
::1 - - [27/Jun/2018:21:55:15 +0000] "GET /src/script/libs/bootstrap.js HTTP/1.1" 500 1411
::1 - - [27/Jun/2018:21:55:15 +0000] "GET /src/styles/libs/font-awesome.css HTTP/1.1" 500 1411
::1 - - [27/Jun/2018:21:55:15 +0000] "GET /src/styles/libs/bootstrap.css HTTP/1.1" 500 1411
::1 - - [27/Jun/2018:21:55:15 +0000] "GET /src/script/libs/popper.js HTTP/1.1" 500 1411
::1 - - [27/Jun/2018:21:55:15 +0000] "GET /src/script/libs/bootstrap.js HTTP/1.1" 500 1411
::1 - - [27/Jun/2018:21:55:15 +0000] "GET /src/styles/libs/font-awesome.css HTTP/1.1" 500 1411
::1 - - [27/Jun/2018:21:55:15 +0000] "GET /src/styles/libs/bootstrap.css HTTP/1.1" 500 1411
::1 - - [27/Jun/2018:21:55:15 +0000] "GET /src/script/libs/bootstrap.js HTTP/1.1" 500 1411
::1 - - [27/Jun/2018:21:55:26 +0000] "GET / HTTP/1.1" 200 632
::1 - - [27/Jun/2018:21:55:26 +0000] "GET /src/script/libs/jquery.js HTTP/1.1" 500 1411
::1 - - [27/Jun/2018:21:55:26 +0000] "GET /src/script/libs/popper.js HTTP/1.1" 500 1411
::1 - - [27/Jun/2018:21:55:26 +0000] "GET /src/script/libs/bootstrap.js HTTP/1.1" 500 1411
::1 - - [27/Jun/2018:21:55:26 +0000] "GET /src/styles/libs/font-awesome.css HTTP/1.1" 500 1411
::1 - - [27/Jun/2018:21:55:26 +0000] "GET /src/styles/libs/bootstrap.css HTTP/1.1" 500 1411
::1 - - [27/Jun/2018:21:55:26 +0000] "GET /src/script/libs/bootstrap.css HTTP/1.1" 500 1411
::1 - - [27/Jun/2018:21:55:26 +0000] "GET /src/script/libs/popper.js HTTP/1.1" 500 1411
::1 - - [27/Jun/2018:21:55:26 +0000] "GET /src/script/libs/bootstrap.js HTTP/1.1" 500 1411
::1 - - [27/Jun/2018:21:55:26 +0000] "GET /src/styles/libs/font-awesome.css HTTP/1.1" 500 1411
::1 - - [27/Jun/2018:21:55:26 +0000] "GET /src/styles/libs/bootstrap.css HTTP/1.1" 500 1411
::1 - - [27/Jun/2018:21:55:26 +0000] "GET /src/script/libs/bootstrap.css HTTP/1.1" 500 1411
::1 - - [27/Jun/2018:21:58:59 +0000] "GET / HTTP/1.1" 200 546
::1 - - [27/Jun/2018:21:58:59 +0000] "GET /src/script/libs/jquery.js HTTP/1.1" 500 1411
::1 - - [27/Jun/2018:21:58:59 +0000] "GET /src/script/libs/popper.js HTTP/1.1" 500 1411
::1 - - [27/Jun/2018:21:58:59 +0000] "GET /src/script/libs/bootstrap.js HTTP/1.1" 500 1411
::1 - - [27/Jun/2018:21:58:59 +0000] "GET /src/styles/libs/font-awesome.css HTTP/1.1" 500 1411
::1 - - [27/Jun/2018:21:58:59 +0000] "GET /src/styles/libs/bootstrap.css HTTP/1.1" 500 1411
::1 - - [27/Jun/2018:21:58:59 +0000] "GET /src/script/libs/bootstrap.js HTTP/1.1" 500 1411
::1 - - [27/Jun/2018:21:58:59 +0000] "GET /src/styles/libs/font-awesome.css HTTP/1.1" 500 1411
::1 - - [27/Jun/2018:21:58:59 +0000] "GET /src/styles/libs/bootstrap.css HTTP/1.1" 500 1411
::1 - - [27/Jun/2018:21:59:19 +0000] "GET / HTTP/1.1" 200 546
::1 - - [27/Jun/2018:21:59:19 +0000] "GET /src/script/libs/jquery.js HTTP/1.1" 500 1411
::1 - - [27/Jun/2018:21:59:19 +0000] "GET /src/script/libs/popper.js HTTP/1.1" 500 1411
::1 - - [27/Jun/2018:21:59:19 +0000] "GET /src/script/libs/bootstrap.js HTTP/1.1" 500 1411
::1 - - [27/Jun/2018:21:59:19 +0000] "GET /src/styles/libs/font-awesome.css HTTP/1.1" 500 1411
::1 - - [27/Jun/2018:21:59:19 +0000] "GET /src/styles/libs/bootstrap.css HTTP/1.1" 500 1411
::1 - - [27/Jun/2018:22:00:05 +0000] "GET / HTTP/1.1" 200 546
::1 - - [27/Jun/2018:22:00:06 +0000] "GET /src/script/libs/jquery.js HTTP/1.1" 500 1411
::1 - - [27/Jun/2018:22:00:06 +0000] "GET /src/script/libs/popper.js HTTP/1.1" 500 1411
::1 - - [27/Jun/2018:22:00:06 +0000] "GET /src/script/libs/bootstrap.js HTTP/1.1" 500 1411
::1 - - [27/Jun/2018:22:00:06 +0000] "GET /src/styles/libs/font-awesome.css HTTP/1.1" 500 1411
::1 - - [27/Jun/2018:22:00:06 +0000] "GET /src/styles/libs/bootstrap.css HTTP/1.1" 500 1411
::1 - - [27/Jun/2018:22:00:06 +0000] "GET /favicon.ico HTTP/1.1" 500 1411
::1 - - [27/Jun/2018:22:00:08 +0000] "GET /src/styles/libs/font-awesome.css HTTP/1.1" 500 1411
::1 - - [27/Jun/2018:22:00:08 +0000] "GET /src/styles/libs/bootstrap.css HTTP/1.1" 500 1411
::1 - - [27/Jun/2018:22:00:19 +0000] "GET /src/styles/libs/font-awesome.css HTTP/1.1" 500 1411
::1 - - [27/Jun/2018:22:00:27 +0000] "GET /src/styles/libs/bootstrap.css HTTP/1.1" 500 1411
::1 - - [27/Jun/2018:22:03:23 +0000] "GET / HTTP/1.1" 200 532
::1 - - [27/Jun/2018:22:03:23 +0000] "GET /libs/bootstrap.js HTTP/1.1" 500 1411
::1 - - [27/Jun/2018:22:03:23 +0000] "GET /favicon.ico HTTP/1.1" 500 1411
::1 - - [27/Jun/2018:22:04:21 +0000] "GET / HTTP/1.1" 200 525
::1 - - [27/Jun/2018:22:04:21 +0000] "GET /libs/bootstrap.js HTTP/1.1" 500 1411
::1 - - [27/Jun/2018:22:04:21 +0000] "GET /libs/bootstrap.css HTTP/1.1" 500 1411
::1 - - [27/Jun/2018:22:04:22 +0000] "GET /favicon.ico HTTP/1.1" 500 1411
::1 - - [27/Jun/2018:22:08:02 +0000] "GET / HTTP/1.1" 200 528
::1 - - [27/Jun/2018:22:08:02 +0000] "GET /src/script/libs/jquery.js HTTP/1.1" 500 1411
::1 - - [27/Jun/2018:22:08:02 +0000] "GET /libs/bootstrap.js HTTP/1.1" 500 1411
::1 - - [27/Jun/2018:22:08:02 +0000] "GET /libs/bootstrap.css HTTP/1.1" 500 1411
::1 - - [27/Jun/2018:22:08:02 +0000] "GET /favicon.ico HTTP/1.1" 500 1411
::1 - - [27/Jun/2018:22:09:35 +0000] "GET / HTTP/1.1" 200 535
::1 - - [27/Jun/2018:22:09:35 +0000] "GET /src/script/libs/jquery.js HTTP/1.1" 500 1411
::1 - - [27/Jun/2018:22:09:35 +0000] "GET /libs/bootstrap.js HTTP/1.1" 500 1411
::1 - - [27/Jun/2018:22:09:35 +0000] "GET /include%20./libs/bootstrap.js HTTP/1.1" 500 1411
::1 - - [27/Jun/2018:22:09:35 +0000] "GET /favicon.ico HTTP/1.1" 500 1411
::1 - - [27/Jun/2018:22:11:00 +0000] "GET / HTTP/1.1" 200 537
::1 - - [27/Jun/2018:22:11:00 +0000] "GET /src/script/libs/jquery.js HTTP/1.1" 500 1411
::1 - - [27/Jun/2018:22:11:00 +0000] "GET /libs/bootstrap.js HTTP/1.1" 500 1411
::1 - - [27/Jun/2018:22:11:00 +0000] "GET /src/styles/libs/bootstrap.css HTTP/1.1" 500 1411
::1 - - [27/Jun/2018:22:11:00 +0000] "GET /favicon.ico HTTP/1.1" 500 1411
::1 - - [27/Jun/2018:22:12:05 +0000] "GET / HTTP/1.1" 200 558
::1 - - [27/Jun/2018:22:12:05 +0000] "GET /src/script/libs/jquery.js HTTP/1.1" 500 1411
::1 - - [27/Jun/2018:22:12:05 +0000] "GET /libs/bootstrap.js HTTP/1.1" 500 1411
::1 - - [27/Jun/2018:22:12:05 +0000] "GET /src/styles/libs/bootstrap.css HTTP/1.1" 500 1411
::1 - - [27/Jun/2018:22:12:05 +0000] "GET /favicon.ico HTTP/1.1" 500 1411
::1 - - [27/Jun/2018:22:18:05 +0000] "GET / HTTP/1.1" 304 -
::1 - - [27/Jun/2018:22:18:06 +0000] "GET /src/script/libs/jquery.js HTTP/1.1" 500 1411
::1 - - [27/Jun/2018:22:18:06 +0000] "GET /src/styles/libs/bootstrap.css HTTP/1.1" 500 1411
::1 - - [27/Jun/2018:22:18:06 +0000] "GET /libs/bootstrap.js HTTP/1.1" 500 1411
::1 - - [27/Jun/2018:22:18:06 +0000] "GET /src/styles/libs/bootstrap.css HTTP/1.1" 500 1411
::1 - - [27/Jun/2018:22:18:06 +0000] "GET /favicon.ico HTTP/1.1" 500 1411
::1 - - [27/Jun/2018:22:18:32 +0000] "GET / HTTP/1.1" 200 558
::1 - - [27/Jun/2018:22:18:32 +0000] "GET /src/script/libs/jquery.js HTTP/1.1" 500 1411
::1 - - [27/Jun/2018:22:18:32 +0000] "GET /libs/bootstrap.js HTTP/1.1" 500 1411
::1 - - [27/Jun/2018:22:18:32 +0000] "GET /src/styles/libs/bootstrap.css HTTP/1.1" 500 1411
::1 - - [27/Jun/2018:22:18:33 +0000] "GET /favicon.ico HTTP/1.1" 500 1411
::1 - - [27/Jun/2018:22:19:13 +0000] "GET / HTTP/1.1" 304 -
::1 - - [27/Jun/2018:22:19:13 +0000] "GET /src/script/libs/jquery.js HTTP/1.1" 500 1411
::1 - - [27/Jun/2018:22:19:13 +0000] "GET /src/styles/libs/bootstrap.css HTTP/1.1" 500 1411
::1 - - [27/Jun/2018:22:19:13 +0000] "GET /libs/bootstrap.js HTTP/1.1" 500 1411
::1 - - [27/Jun/2018:22:19:13 +0000] "GET /src/styles/libs/bootstrap.css HTTP/1.1" 500 1411
::1 - - [27/Jun/2018:22:19:13 +0000] "GET /favicon.ico HTTP/1.1" 500 1411
::1 - - [27/Jun/2018:22:22:04 +0000] "GET / HTTP/1.1" 200 559
::1 - - [27/Jun/2018:22:22:04 +0000] "GET /src/script/libs/jquery.js HTTP/1.1" 500 1411
::1 - - [27/Jun/2018:22:22:04 +0000] "GET /libs/bootstrap.js HTTP/1.1" 500 1411
::1 - - [27/Jun/2018:22:22:04 +0000] "GET /src/styles/libs/bootstrap.css HTTP/1.1" 500 1411
::1 - - [27/Jun/2018:22:22:04 +0000] "GET /favicon.ico HTTP/1.1" 500 1411
::1 - - [27/Jun/2018:22:22:37 +0000] "GET / HTTP/1.1" 200 560
::1 - - [27/Jun/2018:22:22:37 +0000] "GET /src/script/libs/jquery.js HTTP/1.1" 500 1411
::1 - - [27/Jun/2018:22:22:37 +0000] "GET /src/styles/libs/bootstrap.css HTTP/1.1" 500 1411
::1 - - [27/Jun/2018:22:22:37 +0000] "GET /libs/bootstrap.js HTTP/1.1" 500 1411
::1 - - [27/Jun/2018:22:22:37 +0000] "GET /src/styles/libs/bootstrap.css HTTP/1.1" 500 1411
::1 - - [27/Jun/2018:22:22:38 +0000] "GET /favicon.ico HTTP/1.1" 500 1411
::1 - - [27/Jun/2018:22:31:57 +0000] "GET / HTTP/1.1" 200 572
::1 - - [27/Jun/2018:22:31:57 +0000] "GET /src/script/libs/jquery.js HTTP/1.1" 500 1411
::1 - - [27/Jun/2018:22:31:57 +0000] "GET /libs/bootstrap.js HTTP/1.1" 500 1411
::1 - - [27/Jun/2018:22:31:57 +0000] "GET /src/styles/libs/bootstrap.css HTTP/1.1" 500 1411
::1 - - [27/Jun/2018:22:31:57 +0000] "GET /favicon.ico HTTP/1.1" 500 1411
::1 - - [27/Jun/2018:22:34:21 +0000] "GET / HTTP/1.1" 200 313
::1 - - [27/Jun/2018:22:34:21 +0000] "GET /favicon.ico HTTP/1.1" 500 1411
::1 - - [27/Jun/2018:22:34:36 +0000] "GET / HTTP/1.1" 200 326
::1 - - [27/Jun/2018:22:34:36 +0000] "GET /favicon.ico HTTP/1.1" 500 1411
::1 - - [27/Jun/2018:22:35:20 +0000] "GET / HTTP/1.1" 200 325
::1 - - [27/Jun/2018:22:35:20 +0000] "GET /content/test.css HTTP/1.1" 500 1411
::1 - - [27/Jun/2018:22:35:20 +0000] "GET /favicon.ico HTTP/1.1" 500 1411
::1 - - [27/Jun/2018:22:36:45 +0000] "GET / HTTP/1.1" 200 326
::1 - - [27/Jun/2018:22:36:45 +0000] "GET /content/test.css HTTP/1.1" 500 1411
::1 - - [27/Jun/2018:22:36:46 +0000] "GET /favicon.ico HTTP/1.1" 500 1411
::1 - - [27/Jun/2018:22:39:21 +0000] "GET / HTTP/1.1" 304 -
::1 - - [27/Jun/2018:22:39:21 +0000] "GET /content/test.css HTTP/1.1" 500 1411
::1 - - [27/Jun/2018:22:39:21 +0000] "GET /favicon.ico HTTP/1.1" 500 1411
::1 - - [27/Jun/2018:22:40:52 +0000] "GET / HTTP/1.1" 304 -
::1 - - [27/Jun/2018:22:40:52 +0000] "GET /content/test.css HTTP/1.1" 500 1411
::1 - - [27/Jun/2018:22:40:52 +0000] "GET /favicon.ico HTTP/1.1" 500 1411
::1 - - [27/Jun/2018:22:41:08 +0000] "GET / HTTP/1.1" 304 -
::1 - - [27/Jun/2018:22:41:08 +0000] "GET /content/test.css HTTP/1.1" 500 1411
::1 - - [27/Jun/2018:22:41:08 +0000] "GET /favicon.ico HTTP/1.1" 500 1411
::1 - - [27/Jun/2018:22:43:19 +0000] "GET / HTTP/1.1" 304 -
::1 - - [27/Jun/2018:22:43:19 +0000] "GET /content/test.css HTTP/1.1" 500 1411
::1 - - [27/Jun/2018:22:43:19 +0000] "GET /favicon.ico HTTP/1.1" 500 1411
::1 - - [27/Jun/2018:22:43:47 +0000] "GET / HTTP/1.1" 200 578
::1 - - [27/Jun/2018:22:43:47 +0000] "GET /script/libs/jquery.js HTTP/1.1" 500 1411
::1 - - [27/Jun/2018:22:43:47 +0000] "GET /src/styles/libs/bootstrap.css HTTP/1.1" 500 1411
::1 - - [27/Jun/2018:22:43:47 +0000] "GET /libs/bootstrap.js HTTP/1.1" 500 1411
::1 - - [27/Jun/2018:22:43:47 +0000] "GET /src/styles/libs/bootstrap.css HTTP/1.1" 500 1411
::1 - - [27/Jun/2018:22:43:47 +0000] "GET /favicon.ico HTTP/1.1" 500 1411
::1 - - [27/Jun/2018:22:46:22 +0000] "GET /source HTTP/1.1" 500 1411
::1 - - [27/Jun/2018:22:46:52 +0000] "GET /source/styles/libs/bootstraps.css HTTP/1.1" 500 1411
::1 - - [27/Jun/2018:22:47:06 +0000] "GET / HTTP/1.1" 200 578
::1 - - [27/Jun/2018:22:47:06 +0000] "GET /script/libs/jquery.js HTTP/1.1" 500 1411
::1 - - [27/Jun/2018:22:47:06 +0000] "GET /libs/bootstrap.js HTTP/1.1" 500 1411
::1 - - [27/Jun/2018:22:47:06 +0000] "GET /src/styles/libs/bootstrap.css HTTP/1.1" 500 1411
::1 - - [27/Jun/2018:22:47:59 +0000] "GET / HTTP/1.1" 200 586
::1 - - [27/Jun/2018:22:47:59 +0000] "GET /static/script/libs/jquery.js HTTP/1.1" 500 1411
::1 - - [27/Jun/2018:22:47:59 +0000] "GET /libs/bootstrap.js HTTP/1.1" 500 1411
::1 - - [27/Jun/2018:22:47:59 +0000] "GET /src/styles/libs/bootstrap.css HTTP/1.1" 500 1411
::1 - - [27/Jun/2018:22:48:00 +0000] "GET /favicon.ico HTTP/1.1" 500 1411
::1 - - [27/Jun/2018:22:49:28 +0000] "GET / HTTP/1.1" 304 -
::1 - - [27/Jun/2018:22:49:29 +0000] "GET /static/script/libs/jquery.js HTTP/1.1" 500 1411
::1 - - [27/Jun/2018:22:49:29 +0000] "GET /src/styles/libs/bootstrap.css HTTP/1.1" 500 1411
::1 - - [27/Jun/2018:22:49:29 +0000] "GET /libs/bootstrap.js HTTP/1.1" 500 1411
::1 - - [27/Jun/2018:22:49:29 +0000] "GET /src/styles/libs/bootstrap.css HTTP/1.1" 500 1411
::1 - - [27/Jun/2018:22:49:29 +0000] "GET /favicon.ico HTTP/1.1" 500 1411
::1 - - [27/Jun/2018:22:49:43 +0000] "GET / HTTP/1.1" 200 579
::1 - - [27/Jun/2018:22:49:43 +0000] "GET /script/libs/jquery.js HTTP/1.1" 500 1411
::1 - - [27/Jun/2018:22:49:43 +0000] "GET /libs/bootstrap.js HTTP/1.1" 500 1411
::1 - - [27/Jun/2018:22:49:43 +0000] "GET /src/styles/libs/bootstrap.css HTTP/1.1" 500 1411
::1 - - [27/Jun/2018:22:49:43 +0000] "GET /favicon.ico HTTP/1.1" 500 1411
::1 - - [27/Jun/2018:22:51:34 +0000] "GET / HTTP/1.1" 200 563
::1 - - [27/Jun/2018:22:51:34 +0000] "GET /script/libs/jquery.js HTTP/1.1" 500 1411
::1 - - [27/Jun/2018:22:51:34 +0000] "GET /libs/bootstrap.js HTTP/1.1" 500 1411
::1 - - [27/Jun/2018:22:51:34 +0000] "GET /bootstrap.css HTTP/1.1" 200 140421
::1 - - [27/Jun/2018:22:51:34 +0000] "GET /bootstrap.min.css.map HTTP/1.1" 500 1411
::1 - - [27/Jun/2018:22:51:34 +0000] "GET /favicon.ico HTTP/1.1" 500 1411
::1 - - [27/Jun/2018:22:52:31 +0000] "GET / HTTP/1.1" 304 -
::1 - - [27/Jun/2018:22:52:31 +0000] "GET /script/libs/jquery.js HTTP/1.1" 500 1411
::1 - - [27/Jun/2018:22:52:31 +0000] "GET /bootstrap.css HTTP/1.1" 304 -
::1 - - [27/Jun/2018:22:52:31 +0000] "GET /libs/bootstrap.js HTTP/1.1" 500 1411
::1 - - [27/Jun/2018:22:52:31 +0000] "GET /bootstrap.min.css.map HTTP/1.1" 500 1411
::1 - - [27/Jun/2018:22:52:32 +0000] "GET /favicon.ico HTTP/1.1" 500 1411
::1 - - [27/Jun/2018:22:53:46 +0000] "GET / HTTP/1.1" 304 -
::1 - - [27/Jun/2018:22:53:46 +0000] "GET /libs/bootstrap.js HTTP/1.1" 500 1411
::1 - - [27/Jun/2018:22:53:46 +0000] "GET /bootstrap.css HTTP/1.1" 500 1411
::1 - - [27/Jun/2018:22:53:46 +0000] "GET /script/libs/jquery.js HTTP/1.1" 200 86926
::1 - - [27/Jun/2018:22:53:46 +0000] "GET /libs/bootstrap.js HTTP/1.1" 500 1411
::1 - - [27/Jun/2018:22:53:46 +0000] "GET /bootstrap.css HTTP/1.1" 500 1411
::1 - - [27/Jun/2018:22:53:46 +0000] "GET /favicon.ico HTTP/1.1" 500 1411
::1 - - [27/Jun/2018:22:54:01 +0000] "GET / HTTP/1.1" 200 575
::1 - - [27/Jun/2018:22:54:01 +0000] "GET /script/libs/jquery.js HTTP/1.1" 304 -
::1 - - [27/Jun/2018:22:54:01 +0000] "GET /libs/bootstrap.js HTTP/1.1" 500 1411
::1 - - [27/Jun/2018:22:54:01 +0000] "GET /styles/libs/bootstrap.css HTTP/1.1" 200 140421
::1 - - [27/Jun/2018:22:54:01 +0000] "GET /styles/libs/bootstrap.min.css.map HTTP/1.1" 500 1411
::1 - - [27/Jun/2018:22:54:01 +0000] "GET /favicon.ico HTTP/1.1" 500 1411
::1 - - [27/Jun/2018:22:54:38 +0000] "GET / HTTP/1.1" 200 570
::1 - - [27/Jun/2018:22:54:38 +0000] "GET /script/libs/jquery.js HTTP/1.1" 304 -
::1 - - [27/Jun/2018:22:54:38 +0000] "GET /script/script/libs/popper.js HTTP/1.1" 500 1411
::1 - - [27/Jun/2018:22:54:38 +0000] "GET /styles/libs/bootstrap.css HTTP/1.1" 304 -
::1 - - [27/Jun/2018:22:54:38 +0000] "GET /styles/libs/font-awesome.css HTTP/1.1" 200 41066
::1 - - [27/Jun/2018:22:54:38 +0000] "GET /script/libs/bootstrap.js HTTP/1.1" 200 50678
::1 - - [27/Jun/2018:22:54:39 +0000] "GET /script/libs/bootstrap.min.js.map HTTP/1.1" 500 1411
::1 - - [27/Jun/2018:22:54:39 +0000] "GET /styles/libs/bootstrap.min.css.map HTTP/1.1" 500 1411
::1 - - [27/Jun/2018:22:54:39 +0000] "GET /favicon.ico HTTP/1.1" 500 1411
::1 - - [27/Jun/2018:22:54:51 +0000] "GET / HTTP/1.1" 200 563
::1 - - [27/Jun/2018:22:54:51 +0000] "GET /script/libs/jquery.js HTTP/1.1" 304 -
::1 - - [27/Jun/2018:22:54:51 +0000] "GET /script/libs/bootstrap.js HTTP/1.1" 304 -
::1 - - [27/Jun/2018:22:54:51 +0000] "GET /styles/libs/font-awesome.css HTTP/1.1" 304 -
::1 - - [27/Jun/2018:22:54:51 +0000] "GET /styles/libs/bootstrap.css HTTP/1.1" 304 -
::1 - - [27/Jun/2018:22:54:51 +0000] "GET /script/libs/popper.js HTTP/1.1" 200 20494
::1 - - [27/Jun/2018:22:54:51 +0000] "GET /script/libs/popper.min.js.map HTTP/1.1" 500 1411
::1 - - [27/Jun/2018:22:54:51 +0000] "GET /script/libs/bootstrap.min.js.map HTTP/1.1" 500 1411
::1 - - [27/Jun/2018:22:54:51 +0000] "GET /styles/libs/bootstrap.min.css.map HTTP/1.1" 500 1411
::1 - - [27/Jun/2018:22:54:51 +0000] "GET /favicon.ico HTTP/1.1" 500 1411
